{
  "stats": {
    "suites": 1,
    "tests": 1,
    "passes": 1,
    "pending": 0,
    "failures": 0,
    "start": "2023-11-02T14:05:46.752Z",
    "end": "2023-11-02T14:05:57.396Z",
    "duration": 10644,
    "testsRegistered": 1,
    "passPercent": 100,
    "pendingPercent": 0,
    "other": 0,
    "hasOther": false,
    "skipped": 0,
    "hasSkipped": false
  },
  "results": [
    {
      "uuid": "66afc045-ab41-408d-a327-9fefb688f33f",
      "title": "",
      "fullFile": "cypress/e2e/login_page.cy.js",
      "file": "cypress/e2e/login_page.cy.js",
      "beforeHooks": [],
      "afterHooks": [],
      "tests": [],
      "suites": [
        {
          "uuid": "54f8574b-960d-42f0-a8b5-c50c6f62a60a",
          "title": "Login API Automation",
          "fullFile": "",
          "file": "",
          "beforeHooks": [],
          "afterHooks": [],
          "tests": [
            {
              "title": "Response to Challenge API ",
              "fullTitle": "Login API Automation Response to Challenge API ",
              "timedOut": null,
              "duration": 10598,
              "state": "passed",
              "speed": "slow",
              "pass": true,
              "fail": false,
              "pending": false,
              "context": null,
              "code": "cy.request({\n  method: 'POST',\n  url: 'https://st.veris.in/auth/respondtochallenge',\n  headers: {\n    \"Content-Type\": \"application/json\"\n  },\n  body: {\n    answer: answer,\n    challenge: challengeName,\n    client_id: clientId,\n    session: session,\n    username: username,\n    login_flow: login_flow,\n    domain: domain,\n    pool_id: pool_id,\n    user_pool: userPool\n  }\n}).then(response => {\n  expect(response.status).to.equal(200);\n  //accessToken = response.body.AuthenticationResult.AccessToken;\n});",
              "err": {},
              "uuid": "02cdb307-0c57-43dd-b6eb-6ed535d74944",
              "parentUUID": "54f8574b-960d-42f0-a8b5-c50c6f62a60a",
              "isHook": false,
              "skipped": false
            }
          ],
          "suites": [],
          "passes": [
            "02cdb307-0c57-43dd-b6eb-6ed535d74944"
          ],
          "failures": [],
          "pending": [],
          "skipped": [],
          "duration": 10598,
          "root": false,
          "rootEmpty": false,
          "_timeout": 2000
        }
      ],
      "passes": [],
      "failures": [],
      "pending": [],
      "skipped": [],
      "duration": 0,
      "root": true,
      "rootEmpty": true,
      "_timeout": 2000
    }
  ],
  "meta": {
    "mocha": {
      "version": "7.0.1"
    },
    "mochawesome": {
      "options": {
        "quiet": false,
        "reportFilename": "mochawesome",
        "saveHtml": false,
        "saveJson": true,
        "consoleReporter": "spec",
        "useInlineDiffs": false,
        "code": true
      },
      "version": "7.1.3"
    },
    "marge": {
      "options": {
        "overwrite": false,
        "html": false,
        "json": true,
        "reportDir": "cypress/reports/html/.jsons"
      },
      "version": "6.2.0"
    }
  }
}