{
  "stats": {
    "suites": 1,
    "tests": 1,
    "passes": 0,
    "pending": 0,
    "failures": 1,
    "start": "2023-11-06T08:43:14.819Z",
    "end": "2023-11-06T08:44:47.606Z",
    "duration": 92787,
    "testsRegistered": 1,
    "passPercent": 0,
    "pendingPercent": 0,
    "other": 0,
    "hasOther": false,
    "skipped": 0,
    "hasSkipped": false
  },
  "results": [
    {
      "uuid": "d5783127-dd1d-444a-925c-e34aa8d7315f",
      "title": "",
      "fullFile": "cypress/e2e/Create_Activity_Page/create_activity.cy.js",
      "file": "cypress/e2e/Create_Activity_Page/create_activity.cy.js",
      "beforeHooks": [],
      "afterHooks": [],
      "tests": [],
      "suites": [
        {
          "uuid": "2ef2f82b-249f-4b25-9328-245e37257c35",
          "title": "Create Activity from Portal",
          "fullFile": "",
          "file": "",
          "beforeHooks": [],
          "afterHooks": [],
          "tests": [
            {
              "title": "Create Activity Page",
              "fullTitle": "Create Activity from Portal Create Activity Page",
              "timedOut": null,
              "duration": 82232,
              "state": "failed",
              "speed": null,
              "pass": false,
              "fail": true,
              "pending": false,
              "context": "{\n  \"title\": \"cypress-mochawesome-reporter-screenshots\",\n  \"value\": [\n    [\n      \"/Create_Activity_Page/create_activity.cy.js/Create Activity from Portal -- Create Activity Page -- before all hook Login to Portal (failed).png\"\n    ]\n  ]\n}",
              "code": "cy.fixture('loginPageFixture.json').then(data => {\n  //  Write Code of create Activity Page\n  createactivitypageobj.getCreateActivityPage();\n  createactivitypageobj.getConfirmCheckinButtonValidation();\n  //cy.wait(5000);\n  //createactivitypageobj.getvenueDropDown();\n  //createactivitypageobj.getWorkflowDropDown();\n  //createactivitypageobj.getDefaultVenueCheckBox();\n  createactivitypageobj.getVisitorContactPrimary(guestEmailId);\n  //cy.wait(5000);\n  cy.get('body').click(10, 20);\n  //cy.wait(5000);\n  //createactivitypageobj.getWorkflowDropDown();\n  //cy.wait(5000);\n  createactivitypageobj.getVisitorFirstNameActivityPage(guestFirstNamess);\n  createactivitypageobj.getVisitorLastNameActivity(guestLastNamess);\n  createactivitypageobj.getConfirmCheckinButtonValidation();\n  createactivitypageobj.getConfirmCheckinButton().scrollIntoView();\n  createactivitypageobj.getConfirmCheckinButton().click({\n    force: true\n  });\n  cy.contains('Activity created successfully').should('be.visible');\n  createactivitypageobj.getBtnClickOnBadgePrintCancel();\n});",
              "err": {
                "message": "AssertionError: Timed out retrying after 25000ms: Expected to find element: `.navigation-AppName-1_BPN.navigation-Active-3e2I2`, but never found it.\n\nBecause this error occurred during a `before all` hook we are skipping the remaining tests in the current suite: `Create Activity from Portal`",
                "estack": "AssertionError: Timed out retrying after 25000ms: Expected to find element: `.navigation-AppName-1_BPN.navigation-Active-3e2I2`, but never found it.\n\nBecause this error occurred during a `before all` hook we are skipping the remaining tests in the current suite: `Create Activity from Portal`\n    at LoginPage.verifyLandingPage (webpack://cypress/./cypress/e2e/pageObject/loginPages.js:31:14)\n    at Context.eval (webpack://cypress/./cypress/e2e/Create_Activity_Page/create_activity.cy.js:33:22)",
                "diff": null
              },
              "uuid": "d3864084-bcf4-4622-aca0-53fc59af7612",
              "parentUUID": "2ef2f82b-249f-4b25-9328-245e37257c35",
              "isHook": false,
              "skipped": false
            }
          ],
          "suites": [],
          "passes": [],
          "failures": [
            "d3864084-bcf4-4622-aca0-53fc59af7612"
          ],
          "pending": [],
          "skipped": [],
          "duration": 82232,
          "root": false,
          "rootEmpty": false,
          "_timeout": 2000
        }
      ],
      "passes": [],
      "failures": [],
      "pending": [],
      "skipped": [],
      "duration": 0,
      "root": true,
      "rootEmpty": true,
      "_timeout": 2000
    }
  ],
  "meta": {
    "mocha": {
      "version": "7.0.1"
    },
    "mochawesome": {
      "options": {
        "quiet": false,
        "reportFilename": "mochawesome",
        "saveHtml": false,
        "saveJson": true,
        "consoleReporter": "spec",
        "useInlineDiffs": false,
        "code": true
      },
      "version": "7.1.3"
    },
    "marge": {
      "options": {
        "overwrite": false,
        "html": false,
        "json": true,
        "reportDir": "cypress/reports/html/.jsons"
      },
      "version": "6.2.0"
    }
  }
}