{
  "stats": {
    "suites": 1,
    "tests": 1,
    "passes": 0,
    "pending": 0,
    "failures": 1,
    "start": "2023-11-02T14:06:06.466Z",
    "end": "2023-11-02T14:06:34.937Z",
    "duration": 28471,
    "testsRegistered": 9,
    "passPercent": 0,
    "pendingPercent": 0,
    "other": 0,
    "hasOther": false,
    "skipped": 8,
    "hasSkipped": true
  },
  "results": [
    {
      "uuid": "a08534d5-1e56-4460-9db1-f1fa8134c2cc",
      "title": "",
      "fullFile": "cypress/e2e/regressionTesting.cy.js",
      "file": "cypress/e2e/regressionTesting.cy.js",
      "beforeHooks": [],
      "afterHooks": [],
      "tests": [],
      "suites": [
        {
          "uuid": "d423c565-cf5d-41fa-a691-6e9c8a47ed53",
          "title": "Dashboard: Portal Automation",
          "fullFile": "",
          "file": "",
          "beforeHooks": [],
          "afterHooks": [],
          "tests": [
            {
              "title": "Login Test",
              "fullTitle": "Dashboard: Portal Automation Login Test",
              "timedOut": null,
              "duration": 22400,
              "state": "failed",
              "speed": null,
              "pass": false,
              "fail": true,
              "pending": false,
              "context": "{\n  \"title\": \"cypress-mochawesome-reporter-screenshots\",\n  \"value\": [\n    [\n      \"/regressionTesting.cy.js/Dashboard Portal Automation -- Login Test -- before each hook Login Test (failed).png\"\n    ]\n  ]\n}",
              "code": "cy.visit(\"https://st.veris.in\");\n//cy.viewport(550, 750) // Set viewport to 550px x 750px\nloginPage.getEmailTextField(userdata.adminEmailId);\nloginPage.getPasswordTextField(userdata.adminPassword);\nloginPage.clickOnCheckInBtn();\n//cy.wait(5000);\nloginPage.verifyLandingPage();",
              "err": {
                "message": "AssertionError: Timed out retrying after 4000ms: Expected to find element: `.navigation-AppName-1_BPN.navigation-Active-3e2I2`, but never found it.\n\nBecause this error occurred during a `before each` hook we are skipping the remaining tests in the current suite: `Dashboard: Portal Automation`",
                "estack": "AssertionError: Timed out retrying after 4000ms: Expected to find element: `.navigation-AppName-1_BPN.navigation-Active-3e2I2`, but never found it.\n\nBecause this error occurred during a `before each` hook we are skipping the remaining tests in the current suite: `Dashboard: Portal Automation`\n    at LoginPage.verifyLandingPage (webpack://cypress/./cypress/e2e/pageObject/loginPages.js:31:39)\n    at Context.eval (webpack://cypress/./cypress/e2e/regressionTesting.cy.js:89:18)",
                "diff": null
              },
              "uuid": "21ae61d7-c2bd-4de4-bc75-9e599818e21f",
              "parentUUID": "d423c565-cf5d-41fa-a691-6e9c8a47ed53",
              "isHook": false,
              "skipped": false
            },
            {
              "title": "Create Activity Page",
              "fullTitle": "Dashboard: Portal Automation Create Activity Page",
              "timedOut": null,
              "duration": 0,
              "state": "skipped",
              "speed": null,
              "pass": false,
              "fail": false,
              "pending": false,
              "context": null,
              "code": "//  Write Code of create Activity Page\ncreateactivitypageobj.getCreateActivityPage();\ncreateactivitypageobj.getConfirmCheckinButtonValidation();\n//cy.wait(5000);\n//createactivitypageobj.getvenueDropDown();\n//createactivitypageobj.getWorkflowDropDown();\n//createactivitypageobj.getDefaultVenueCheckBox();\ncreateactivitypageobj.getVisitorContactPrimary(guestEmailId);\n//cy.wait(5000);\ncy.get('body').click(10, 20);\n//cy.wait(5000);\n//createactivitypageobj.getWorkflowDropDown();\n//cy.wait(5000);\ncreateactivitypageobj.getVisitorFirstNameActivityPage(guestFirstNamess);\ncreateactivitypageobj.getVisitorLastNameActivity(guestLastNamess);\ncreateactivitypageobj.getConfirmCheckinButtonValidation();\ncreateactivitypageobj.getConfirmCheckinButton().scrollIntoView();\ncreateactivitypageobj.getConfirmCheckinButton().click({\n  force: true\n});\ncy.contains('Activity created successfully').should('be.visible');\ncreateactivitypageobj.getBtnClickOnBadgePrintCancel();",
              "err": {},
              "uuid": "78f62d43-5504-4b97-9080-0c2d3bd6147e",
              "parentUUID": "d423c565-cf5d-41fa-a691-6e9c8a47ed53",
              "isHook": false,
              "skipped": true
            },
            {
              "title": "Create Invite page",
              "fullTitle": "Dashboard: Portal Automation Create Invite page",
              "timedOut": null,
              "duration": 0,
              "state": "skipped",
              "speed": null,
              "pass": false,
              "fail": false,
              "pending": false,
              "context": null,
              "code": "cy.wait(5000);\ncreateSingleInviteObj.getbtnCreateInvitePage();\ncreateSingleInviteObj.getHeaderOfCreateInvitePage();\ncreateSingleInviteObj.enterAgendaFormField(data.agendaOfMeeting);\ncreateSingleInviteObj.enterGuestFirstNameFormFieldForInvite(guestLastNamess);\ncreateSingleInviteObj.enterGuestLastNameFormFieldForInvite(guestLastNamess);\ncreateSingleInviteObj.enterContactNumberFormFieldForInvite(guestEmailId);\ncreateSingleInviteObj.getclickOnSendInviteButton();\ncy.contains('Invite created successfully').should('be.visible');",
              "err": {},
              "uuid": "af816ecb-1857-443d-9eaa-036455837bf2",
              "parentUUID": "d423c565-cf5d-41fa-a691-6e9c8a47ed53",
              "isHook": false,
              "skipped": true
            },
            {
              "title": "Venue  Page",
              "fullTitle": "Dashboard: Portal Automation Venue  Page",
              "timedOut": null,
              "duration": 0,
              "state": "skipped",
              "speed": null,
              "pass": false,
              "fail": false,
              "pending": false,
              "context": null,
              "code": "venueAdditionObj.getsettingIcon();\ncy.url().should('eq', 'https://st.veris.in/settings/org-details');\nvenueAdditionObj.getclickOnVisitorDropDown();\n//cy.wait(5000);\nvenueAdditionObj.getclickOnVenuebtn();\n//cy.wait(5000);\ncy.url().should('eq', 'https://st.veris.in/settings/venues');\nvenueAdditionObj.getclickOnAddVenuebtn();\nvenueAdditionObj.getenterVenueName(venueName);\nvenueAdditionObj.getenterVenueDesc(venueName);\nvenueAdditionObj.getenterVenueAddress1(VenueAddressLine1);\nvenueAdditionObj.getenterCity(enterCity);\nvenueAdditionObj.getenterState(enterState);\nvenueAdditionObj.getenterCountry(enterCountry);\nvenueAdditionObj.getenterPin(enterPin);\n//venueAdditionObj.getclickOnsavebtn();\nvenueAdditionObj.getclickOnCancelBtn();\n//cy.wait(3000);\nvenueAdditionObj.getclickOnSearchTextBox(venueNameSearch);\ncy.get('.ant-table-tbody tr').each(($e1, index, $list) => {\n  if ($e1.text() === \"Cypress Automation Test (VMS)\") {\n    cy.wrap($e1).click();\n  }\n});",
              "err": {},
              "uuid": "fdeb0ad9-81fd-4780-be23-db9a42d1175e",
              "parentUUID": "d423c565-cf5d-41fa-a691-6e9c8a47ed53",
              "isHook": false,
              "skipped": true
            },
            {
              "title": "Terminal Page",
              "fullTitle": "Dashboard: Portal Automation Terminal Page",
              "timedOut": null,
              "duration": 0,
              "state": "skipped",
              "speed": null,
              "pass": false,
              "fail": false,
              "pending": false,
              "context": null,
              "code": "terminalAdditionObj.getclickOnAddTerminal();\ncy.url().should('eq', 'https://st.veris.in/settings/terminal');\nterminalAdditionObj.getclickOnAllLocationSearchBox(venueNameSearch);\ncy.get('.ant-select-tree-node-content-wrapper.ant-select-tree-node-content-wrapper-normal').each(($e1, index, $list) => {\n  if ($e1.text() === \"Cypress Automation Test\") {\n    cy.wrap($e1).should('be.visible').click();\n    expect(true, 'Searched venue name  clicked successfully').to.be.true;\n  }\n});\nterminalAdditionObj.getsearchByTerminalName(searchTerminalName);\ncy.get('.ant-table-cell div').each(($e1, index, $list) => {\n  if ($e1.text() === \"Cypress\") {\n    expect(true, 'Searched terminal name found in the droup down').to.be.true;\n  }\n});\nterminalAdditionObj.getclicOnAddTerminalbtn();\ncy.get('.ant-drawer-content-wrapper').should('be.visible'); // Replace '.drawer-class' with the actual class of your drawer\nterminalAdditionObj.getclickOnTerminalName(newTerminalName);\nterminalAdditionObj.getclickOnTerminaDescField(terminalDec);\nterminalAdditionObj.getclickOnReceptionEmailId(ReceptionEmailId);\nterminalAdditionObj.getclickOnWelcomeMsg(clickOnWelcomeMsg);\nterminalAdditionObj.getclickOnExitMsg(clickOnExitMsg);\n//terminalAdditionObj.getclickOnSavebtnofTerminal().scrollIntoView().click();\n//cy.get('.ct-toast').should('include.text', 'Error: Request failed with status code 400 ');\nterminalAdditionObj.getclickOnCancelbtn();\nterminalAdditionObj.getclickOnTerminalEdit();\nterminalAdditionObj.getterminaleNameonEdit().should('have.value', 'Cypress');\nterminalAdditionObj.getterminalDescOnEdit().should('have.value', 'Cypress of Terminal');\nterminalAdditionObj.getterminalReceptionEmailOnEdit().should('have.value', 'sktiranga2005@gmail.com');\nterminalAdditionObj.getclickOnCancelbtnatEditTerminal();\nterminalAdditionObj.getclickOnViewTerminalCredIcon();\nterminalAdditionObj.getviewTerminalAuthorizationId().contains('Authorization Id: CYPRE4129501').should('be.visible');\nterminalAdditionObj.getviewTerminalAuthorizationcode().contains('Authorization Code: 22711938').should('be.visible');\nterminalAdditionObj.getclickOnCancelBtnofTerminalCred();\nterminalAdditionObj.getclickOnTerminalSettingEditIcon();",
              "err": {},
              "uuid": "435f7f77-f3cc-481a-be4a-2ae3085a890f",
              "parentUUID": "d423c565-cf5d-41fa-a691-6e9c8a47ed53",
              "isHook": false,
              "skipped": true
            },
            {
              "title": "Terminal Setting  Page",
              "fullTitle": "Dashboard: Portal Automation Terminal Setting  Page",
              "timedOut": null,
              "duration": 0,
              "state": "skipped",
              "speed": null,
              "pass": false,
              "fail": false,
              "pending": false,
              "context": null,
              "code": "terminalSettingBrandingObj.getprimaryColor().should('have.value', '#0FF000');\nterminalSettingBrandingObj.getprimaryTextColor().should('have.value', '#000000');\nterminalSettingBrandingObj.getsecondaryColor().should('have.value', '#FFFFFF');\nterminalSettingBrandingObj.getforceCheckOut().eq(0).should('exist');\nterminalSettingBrandingObj.getbadgePrintingAfterSummaryScreen().eq(0).should('exist');\nterminalSettingBrandingObj.getwelcomeMsg().should('have.value', 'Welcome to Cypress Automation ');\nterminalSettingBrandingObj.getexitMsg().should('have.value', 'Thanks for visiting');\nterminalSettingBrandingObj.getsavebtnAtBrandingPage();\ncy.get('.ct-toast').should('include.text', 'Terminal updated');",
              "err": {},
              "uuid": "7c1b7a16-c81c-4f4f-aac0-7d2299d12ae6",
              "parentUUID": "d423c565-cf5d-41fa-a691-6e9c8a47ed53",
              "isHook": false,
              "skipped": true
            },
            {
              "title": "Terminal Setting : authorization Page",
              "fullTitle": "Dashboard: Portal Automation Terminal Setting : authorization Page",
              "timedOut": null,
              "duration": 0,
              "state": "skipped",
              "speed": null,
              "pass": false,
              "fail": false,
              "pending": false,
              "context": null,
              "code": "terminalSettiingAuthorizationObj.getclickOnAuthorizationOption();\nterminalSettiingAuthorizationObj.getauthorizationLandingPage();\nterminalSettiingAuthorizationObj.getverifyMobilePhone().eq(0).should('exist');\nterminalSettiingAuthorizationObj.getverifyQRCode().eq(1).should('exist');\nterminalSettiingAuthorizationObj.getVerifyEmail().eq(2).should('exist');\nterminalSettiingAuthorizationObj.getverifyTrueCaller().should('exist');\nterminalSettiingAuthorizationObj.getverifyFROption().should('exist');\nterminalSettiingAuthorizationObj.getverifyAarogyaSetu().should('exist');\nterminalSettiingAuthorizationObj.getverifyInvited().should('exist');\nterminalSettiingAuthorizationObj.getverifyWalkInNoInvite().should('exist');\nterminalSettiingAuthorizationObj.getsavebtnAtAuthPage();\ncy.get('.ct-toast').should('include.text', 'Terminal updated');",
              "err": {},
              "uuid": "c7cec73d-1585-4333-9e32-5c6843072d44",
              "parentUUID": "d423c565-cf5d-41fa-a691-6e9c8a47ed53",
              "isHook": false,
              "skipped": true
            },
            {
              "title": "Terminal Setting : Badge Print Page",
              "fullTitle": "Dashboard: Portal Automation Terminal Setting : Badge Print Page",
              "timedOut": null,
              "duration": 0,
              "state": "skipped",
              "speed": null,
              "pass": false,
              "fail": false,
              "pending": false,
              "context": null,
              "code": "terminalBadgePrintingObj.getclickOnBadgePrintingHeader();\nterminalBadgePrintingObj.getbadgePrintingLandingPage().contains('Badge Printing').should('be.visible');\nterminalBadgePrintingObj.getbadgeOrientation();\ncy.get('.ant-select-selection-search input').each(($e1, index, $list) => {\n  if ($e1.text() === \"Vertical\") {\n    cy.wrap($e1).should('be.visible').click();\n    expect(true, 'Vertical Badge Orientation clicked successfully').to.be.true;\n  }\n  //  terminalBadgePrintingObj.getprintModel();\n  //  cy.get('.ant-select-selector span').each(($e1, index, $list) => {\n  //   if($e1.text()===\"Epson Bluetooth\")\n  //   {\n  //   cy.wrap($e1).should('be.visible').click();\n  //   expect(true, 'Epson Bluetooth clicked successfully').to.be.true;\n  //   }\n  //  })\n  terminalBadgePrintingObj.getipAddress().type('192.168.5.5');\n  cy.get('.ct-toast').should('include.text', 'Terminal updated');\n  //.ant-select-selector span\n  //.rc-virtual-list-holder-inner div\n  //\n});",
              "err": {},
              "uuid": "7ff8b9b7-5e37-4861-bbfe-f5d70acf175b",
              "parentUUID": "d423c565-cf5d-41fa-a691-6e9c8a47ed53",
              "isHook": false,
              "skipped": true
            },
            {
              "title": "Terminal Logout",
              "fullTitle": "Dashboard: Portal Automation Terminal Logout",
              "timedOut": null,
              "duration": 0,
              "state": "skipped",
              "speed": null,
              "pass": false,
              "fail": false,
              "pending": false,
              "context": null,
              "code": "cy.fixture('loginPageFixture.json').then(data => {\n  logout.clickOnUserProfileDropDown();\n  logout.btnClickOnLogoutButton();\n  cy.wait(5000);\n  cy.url().should('eq', 'https://st.veris.in/login/NewLogin');\n});",
              "err": {},
              "uuid": "48f58cbf-c7ee-433f-89c8-7e1d37b39ccb",
              "parentUUID": "d423c565-cf5d-41fa-a691-6e9c8a47ed53",
              "isHook": false,
              "skipped": true
            }
          ],
          "suites": [],
          "passes": [],
          "failures": [
            "21ae61d7-c2bd-4de4-bc75-9e599818e21f"
          ],
          "pending": [],
          "skipped": [
            "78f62d43-5504-4b97-9080-0c2d3bd6147e",
            "af816ecb-1857-443d-9eaa-036455837bf2",
            "fdeb0ad9-81fd-4780-be23-db9a42d1175e",
            "435f7f77-f3cc-481a-be4a-2ae3085a890f",
            "7c1b7a16-c81c-4f4f-aac0-7d2299d12ae6",
            "c7cec73d-1585-4333-9e32-5c6843072d44",
            "7ff8b9b7-5e37-4861-bbfe-f5d70acf175b",
            "48f58cbf-c7ee-433f-89c8-7e1d37b39ccb"
          ],
          "duration": 22400,
          "root": false,
          "rootEmpty": false,
          "_timeout": 2000
        }
      ],
      "passes": [],
      "failures": [],
      "pending": [],
      "skipped": [],
      "duration": 0,
      "root": true,
      "rootEmpty": true,
      "_timeout": 2000
    }
  ],
  "meta": {
    "mocha": {
      "version": "7.0.1"
    },
    "mochawesome": {
      "options": {
        "quiet": false,
        "reportFilename": "mochawesome",
        "saveHtml": false,
        "saveJson": true,
        "consoleReporter": "spec",
        "useInlineDiffs": false,
        "code": true
      },
      "version": "7.1.3"
    },
    "marge": {
      "options": {
        "overwrite": false,
        "html": false,
        "json": true,
        "reportDir": "cypress/reports/html/.jsons"
      },
      "version": "6.2.0"
    }
  }
}